<?xml version="1.0" encoding="UTF-8"?>
<testng-results skipped="0" failed="0" ignored="0" total="1" passed="1">
  <reporter-output>
  </reporter-output>
  <suite name="Surefire suite" duration-ms="26293" started-at="2019-03-01T19:17:18Z" finished-at="2019-03-01T19:17:45Z">
    <groups>
    </groups>
    <test name="Surefire test" duration-ms="26293" started-at="2019-03-01T19:17:18Z" finished-at="2019-03-01T19:17:45Z">
      <class name="tests.NewTest">
        <test-method status="PASS" signature="beforeClass()[pri:0, instance:tests.NewTest@30c7da1e]" name="beforeClass" is-config="true" duration-ms="14096" started-at="2019-03-01T19:17:18Z" finished-at="2019-03-01T19:17:32Z">
          <reporter-output>
          </reporter-output>
        </test-method> <!-- beforeClass -->
        <test-method status="PASS" signature="openMyBlog()[pri:0, instance:tests.NewTest@30c7da1e]" name="openMyBlog" duration-ms="9992" started-at="2019-03-01T19:17:32Z" finished-at="2019-03-01T19:17:42Z">
          <reporter-output>
          </reporter-output>
        </test-method> <!-- openMyBlog -->
        <test-method status="PASS" signature="afterClass()[pri:0, instance:tests.NewTest@30c7da1e]" name="afterClass" is-config="true" duration-ms="2187" started-at="2019-03-01T19:17:42Z" finished-at="2019-03-01T19:17:45Z">
          <reporter-output>
          </reporter-output>
        </test-method> <!-- afterClass -->
      </class> <!-- tests.NewTest -->
    </test> <!-- Surefire test -->
  </suite> <!-- Surefire suite -->
</testng-results>
